[19Apr2022 15:47:17] ****** SourceMonitor (V3.5.16.49): Begin Session
[19Apr2022 15:47:17] Command Line Option: Process '/C "C:\mpbComponent\mpbTime\complexity\mpbtime.xml" /L "C:\mpbComponent\mpbTime\complexity\mpbtime.log"'
[19Apr2022 15:47:17] Command File: Process Command File 'C:\mpbComponent\mpbTime\complexity\mpbtime.xml'
[19Apr2022 15:47:17] Command File: Process Commands [Line 9]
[19Apr2022 15:47:17] Command File: Execute Command [Line 41]
[19Apr2022 15:47:17] Command File: Open Project 'C:\mpbComponent\mpbtime\complexity\mpbTimeComplex.smp'
[19Apr2022 15:47:17] Create Checkpoint: Search for checkpoint files using base directory 'C:\mpbcomponent\mpbtime\sources\'.
[19Apr2022 15:47:17] Command File: Create Checkpoint 'Baseline' dated '2022-01-31T12:24:56'
[19Apr2022 15:47:17] Command File: Export Checkpoint Summary to XML
[19Apr2022 15:47:17] Export Metrics: Begin XML Summary export to file 'C:\mpbcomponent\mpbtime\complexity\dump.xml'.
[19Apr2022 15:47:17] Export Metrics: Export Checkpoint 'Baseline'
[19Apr2022 15:47:17] Export Metrics: End Export Checkpoint Summary to XML
[19Apr2022 15:47:17] Command File: End Export
[19Apr2022 15:47:17] Command File: End Command Execution
[19Apr2022 15:47:17] Command File: Execute Command [Line 258]
[19Apr2022 15:47:17] Command File: Open Project 'C:\mpbComponent\mpbtime\complexity\mpbTimeComplex.smp'
[19Apr2022 15:47:17] Create Checkpoint: Search for checkpoint files using base directory 'C:\mpbcomponent\mpbtime\sources\'.
[19Apr2022 15:47:17] Command File: Create Checkpoint 'Checkpoint15' dated '2022-04-19T15:47:17'
[19Apr2022 15:47:17] Command File: Export Checkpoint Details to XML
[19Apr2022 15:47:17] Export Metrics: Begin XML Details export to file 'C:\mpbComponent\mpbtime\complexity\dump.xml'.
[19Apr2022 15:47:17] Export Metrics: Export Checkpoint 'Checkpoint15'
[19Apr2022 15:47:17] Export Metrics: End Export Checkpoint Details to XML
[19Apr2022 15:47:17] Command File: End Export
[19Apr2022 15:47:17] Command File: Checkpoint 'Checkpoint15' deleted
[19Apr2022 15:47:17] Command File: End Command Execution
[19Apr2022 15:47:17] Command File: Execute Command [Line 336]
[19Apr2022 15:47:17] Command File: Open Project 'C:\mpbComponent\mpbtime\complexity\mpbTimeComplex.smp'
[19Apr2022 15:47:17] Create Checkpoint: Search for checkpoint files using base directory 'C:\mpbcomponent\mpbtime\sources\'.
[19Apr2022 15:47:17] Command File: Create Checkpoint 'Alpha One' dated '2022-04-19T15:47:17'
[19Apr2022 15:47:17] Command File: Export Checkpoint Details to CSV
[19Apr2022 15:47:17] Export Metrics: Begin CSV export to file 'C:\mpbComponent\mpbtime\complexity\dump.txt'.
[19Apr2022 15:47:17] Export Metrics: Export Checkpoint 'Alpha One'
[19Apr2022 15:47:17] Export Metrics: End Export Checkpoint Details to CSV
[19Apr2022 15:47:17] Command File: End Export
[19Apr2022 15:47:17] Command File: End Command Execution
[19Apr2022 15:47:17] Command File: Execute Command [Line 368]
[19Apr2022 15:47:17] Command File: Open Project 'C:\mpbComponent\mpbtime\complexity\mpbTimeComplex.smp'
[19Apr2022 15:47:17] Command File: Export Checkpoint Details to XML
[19Apr2022 15:47:17] Export Metrics: Begin XML Details export to file 'C:\mpbComponent\mpbtime\complexity\dump.txt'.
[19Apr2022 15:47:17] Export Metrics: Export Checkpoint 'Alpha One'
[19Apr2022 15:47:17] Export Metrics: Export Checkpoint 'Checkpoint14'
[19Apr2022 15:47:17] Export Metrics: Export Checkpoint 'Checkpoint13'
[19Apr2022 15:47:17] Command File: End Command Execution
[19Apr2022 15:47:17] Command File: End Commands
[19Apr2022 15:47:17] Command File: End Command File Processing
[19Apr2022 15:47:17] ****** SourceMonitor (V3.5.16.49): ****** End Session
