[19Apr2022 12:57:54] ****** SourceMonitor (V3.5.16.49): Begin Session
[19Apr2022 12:57:54] Command Line Option: Process '/C "C:\mpbComponent\mpbDigitalFiltering\complexity\mpbDigitalFilteringComplexity.xml" /L "C:\mpbComponent\mpbDigitalFiltering\complexity\mpbDigitalFilteringComplexity.log"'
[19Apr2022 12:57:54] Command File: Process Command File 'C:\mpbComponent\mpbDigitalFiltering\complexity\mpbDigitalFilteringComplexity.xml'
[19Apr2022 12:57:54] Command File: Process Commands [Line 9]
[19Apr2022 12:57:54] Command File: Execute Command [Line 41]
[19Apr2022 12:57:54] Command File: Open Project 'C:\mpbComponent\mpbDigitalFiltering\complexity\mpbDigitalFilteringComplexity.smp'
[19Apr2022 12:57:54] Create Checkpoint: Search for checkpoint files using base directory 'C:\mpbcomponent\mpbDigitalFiltering\sources\'.
[19Apr2022 12:57:54] Command File: Create Checkpoint 'Baseline' dated '2022-01-31T12:24:56'
[19Apr2022 12:57:54] Command File: Export Checkpoint Summary to XML
[19Apr2022 12:57:54] Export Metrics: Begin XML Summary export to file 'C:\mpbcomponent\mpbDigitalFiltering\complexity\dump.xml'.
[19Apr2022 12:57:55] Export Metrics: Export Checkpoint 'Baseline'
[19Apr2022 12:57:55] Export Metrics: End Export Checkpoint Summary to XML
[19Apr2022 12:57:55] Command File: End Export
[19Apr2022 12:57:55] Command File: End Command Execution
[19Apr2022 12:57:55] Command File: Execute Command [Line 258]
[19Apr2022 12:57:55] Command File: Open Project 'C:\mpbComponent\mpbDigitalFiltering\complexity\mpbDigitalFilteringComplexity.smp'
[19Apr2022 12:57:55] Create Checkpoint: Search for checkpoint files using base directory 'C:\mpbcomponent\mpbDigitalFiltering\sources\'.
[19Apr2022 12:57:55] Command File: Create Checkpoint 'Checkpoint1' dated '2022-04-19T12:57:55'
[19Apr2022 12:57:55] Command File: Export Checkpoint Details to XML
[19Apr2022 12:57:55] Export Metrics: Begin XML Details export to file 'C:\mpbComponent\mpbDigitalFiltering\complexity\dump.xml'.
[19Apr2022 12:57:55] Export Metrics: Export Checkpoint 'Checkpoint1'
[19Apr2022 12:57:55] Export Metrics: End Export Checkpoint Details to XML
[19Apr2022 12:57:55] Command File: End Export
[19Apr2022 12:57:55] Command File: Checkpoint 'Checkpoint1' deleted
[19Apr2022 12:57:55] Command File: End Command Execution
[19Apr2022 12:57:55] Command File: Execute Command [Line 336]
[19Apr2022 12:57:55] Command File: Open Project 'C:\mpbComponent\mpbDigitalFiltering\complexity\mpbDigitalFilteringComplexity.smp'
[19Apr2022 12:57:55] Create Checkpoint: Search for checkpoint files using base directory 'C:\mpbcomponent\mpbDigitalFiltering\sources\'.
[19Apr2022 12:57:55] Command File: Create Checkpoint 'Alpha One' dated '2022-04-19T12:57:55'
[19Apr2022 12:57:55] Command File: Export Checkpoint Details to CSV
[19Apr2022 12:57:55] Export Metrics: Begin CSV export to file 'C:\mpbComponent\mpbDigitalFiltering\complexity\dump.txt'.
[19Apr2022 12:57:55] Export Metrics: Export Checkpoint 'Alpha One'
[19Apr2022 12:57:55] Export Metrics: End Export Checkpoint Details to CSV
[19Apr2022 12:57:55] Command File: End Export
[19Apr2022 12:57:55] Command File: End Command Execution
[19Apr2022 12:57:55] Command File: Execute Command [Line 368]
[19Apr2022 12:57:55] Command File: Open Project 'C:\mpbComponent\mpbDigitalFiltering\complexity\mpbDigitalFilteringComplexity.smp'
[19Apr2022 12:57:55] Command File: Export Checkpoint Details to XML
[19Apr2022 12:57:55] Export Metrics: Begin XML Details export to file 'C:\mpbComponent\mpbDigitalFiltering\complexity\dump.txt'.
[19Apr2022 12:57:55] Export Metrics: Export Checkpoint 'Alpha One'
[19Apr2022 12:57:55] Export Metrics: Export Checkpoint 'Baseline'
[19Apr2022 12:57:55] Export Metrics: End Export Checkpoint Details to XML
[19Apr2022 12:57:55] Command File: End Export
[19Apr2022 12:57:55] Command File: End Command Execution
[19Apr2022 12:57:55] Command File: End Commands
[19Apr2022 12:57:55] Command File: End Command File Processing
[19Apr2022 12:57:55] ****** SourceMonitor (V3.5.16.49): ****** End Session
